This is cutadapt 3.5 with Python 3.9.9
Command line parameters: -a CTGTCTCTTATACACATCT -q 30,30 --minimum-length 80 -o Aedes_Recife_R1_trimmed.fastq Aedes_Recife_R1.fastq
Processing reads on 1 core in single-end mode ...
Finished in 27.69 s (7 µs/read; 8.87 M reads/minute).

=== Summary ===

Total reads processed:               4,095,494
Reads with adapters:                    95,938 (2.3%)

== Read fate breakdown ==
Reads that were too short:             503,896 (12.3%)
Reads written (passing filters):     3,591,598 (87.7%)

Total basepairs processed:   618,419,594 bp
Quality-trimmed:              87,124,033 bp (14.1%)
Total written (filtered):    511,773,672 bp (82.8%)

=== Adapter 1 ===

Sequence: CTGTCTCTTATACACATCT; Type: regular 3'; Length: 19; Trimmed: 95938 times

Minimum overlap: 3
No. of allowed errors:
1-9 bp: 0; 10-19 bp: 1

Bases preceding removed adapters:
  A: 29.6%
  C: 10.9%
  G: 31.6%
  T: 27.7%
  none/other: 0.1%

Overview of removed sequences
length	count	expect	max.err	error counts
3	68084	63992.1	0	68084
4	22513	15998.0	0	22513
5	4452	3999.5	0	4452
6	633	999.9	0	633
7	233	250.0	0	233
8	2	62.5	0	2
9	10	15.6	0	3 7
10	8	3.9	1	0 8
11	2	1.0	1	0 2
13	1	0.1	1	0 1
